----------------------------------------
TestPlan-A-v4.1
Wed Mar 11 13:49:05 2026
----------------------------------------
c01 HAS FAILED
C01=1UF Part# PART-REDACTED-002
Measured:   0.79008u
Nominal:    1.0000u
High Limit: 1.2000u
Low Limit:  0.80000u
Capacitance in FARADS
----------------------------------------
r03 HAS FAILED
R03=10 Part# PART-REDACTED-004
Measured:   10.942
Nominal:    10.000
High Limit: 10.646
Low Limit:  9.5240
Resistance in OHMS
----------------------------------------
Board #: 0 
Version:
S/N:PROD-001+SN-XXXX-000003
----------------------------------------
TestPlan-A-v4.1
Wed Mar 11 13:49:05 2026
----------------------------------------
c01 HAS FAILED
C01=1UF Part# PART-REDACTED-002
Measured:   0.79008u
Nominal:    1.0000u
High Limit: 1.2000u
Low Limit:  0.80000u
Capacitance in FARADS
----------------------------------------
r03 HAS FAILED
R03=10 Part# PART-REDACTED-004
Measured:   10.942
Nominal:    10.000
High Limit: 10.646
Low Limit:  9.5240
Resistance in OHMS
----------------------------------------
Board #: 0 
Version:
S/N:PROD-001+SN-XXXX-000003
&v2S Family: Test Product A
&v2S Serial #:PROD-001+SN-XXXX-000003
&v2S ############################
&v2S #### BOARD ICT PASS  #####
&v2S ############################
&v1S Testplan-Released-01-01-2025
&v2S ST:260311134729
&v2S ET:260311134958
&v2S SN:PROD-001+SN-XXXX-000003
&v2S P/N:PART-REDACTED-001 Rev:13
&v3S Mac:020000000003
&v2S Mac_FruID:020000000003
&v2S u01 CRC Blank:Pass
&v2S OPERATOR ID:operator-03
&v2S PF:Agilent3070 Rev:8.30
&v3S Fixture_ID: fixture-01
&v2S TESTER:tester-01
&v2S ***************************

*
----------------------------------------
TestPlan-A-v4.1
Tue Mar 10 20:56:23 2026
----------------------------------------
r04 HAS FAILED
R04=10 Part# PART-REDACTED-004
Measured:   12.018
Nominal:    10.000
High Limit: 11.000
Low Limit:  9.5490
Resistance in OHMS
----------------------------------------
r05 HAS FAILED
R05=2 Part# PART-REDACTED-010
Measured:   2.2189
Nominal:    2.0000
High Limit: 2.2000
Low Limit:  1.8000
Resistance in OHMS
----------------------------------------
Board #: 0 
Version:
S/N:PROD-001+SN-XXXX-000003
----------------------------------------
TestPlan-A-v4.1
Tue Mar 10 20:56:23 2026
----------------------------------------
r04 HAS FAILED
R04=10 Part# PART-REDACTED-004
Measured:   12.018
Nominal:    10.000
High Limit: 11.000
Low Limit:  9.5490
Resistance in OHMS
----------------------------------------
r05 HAS FAILED
R05=2 Part# PART-REDACTED-010
Measured:   2.2189
Nominal:    2.0000
High Limit: 2.2000
Low Limit:  1.8000
Resistance in OHMS
----------------------------------------
Board #: 0 
Version:
S/N:PROD-001+SN-XXXX-000003
----------------------------------------
TestPlan-A-v4.1
Tue Mar 10 20:57:02 2026
----------------------------------------
u01%prog_1 HAS FAILED
vector      = 62244
Status:  15H
Pass/Fail error on following pins:
BRRCC  NODE            PIN
214153 IO_NODE_001 U01.5
----------------------------------------
u01%verify_4 HAS FAILED
vector      = 417
Status:  15H
Pass/Fail error on following pins:
BRRCC  NODE            PIN
214153 IO_NODE_001 U01.5
----------------------------------------
Serial #: PROD-001+SN-XXXX-000003
&v1S Family: Test Product A
&v1S Serial #:PROD-001+SN-XXXX-000003
&v1S ############################
&v1S ##### BOARD ICT FAIL #####
&v1S ############################
&v1S Testplan-Released-01-01-2025
&v1S ST:260310205540
&v1S ET:260310205712
&v1S SN:PROD-001+SN-XXXX-000003
&v1S P/N:PART-REDACTED-001 Rev:13
&v3S Mac:020000000003
&v1S Mac_FruID:020000000003
&v1S u01 CRC Blank:Pass
&v3S OPERATOR ID:operator-04
&v1S PF:Agilent3070 Rev:8.30
&v3S Fixture_ID: fixture-03
&v1S TESTER:tester-04
&v1S ****************************

*
----------------------------------------
TestPlan-A-v4.1
Tue Mar 10 20:29:15 2026
----------------------------------------
pwr_res_chk HAS FAILED
Subtest: 0_85V_PWR_01
Measured:   17.751
Threshold: 18.000
Jumper Resistance in OHMS
Expecting an open ("op" flag used)
----------------------------------------
===============================
Unexpected shorts between node:
0_85V_PWR_01 to GND
===============================
----------------------------------------
Board #: 0 
Version:
S/N:PROD-001+SN-XXXX-000003
----------------------------------------
TestPlan-A-v4.1
Tue Mar 10 20:29:15 2026
----------------------------------------
pwr_res_chk HAS FAILED
Subtest: 0_85V_PWR_01
Measured:   17.751
Threshold: 18.000
Jumper Resistance in OHMS
Expecting an open ("op" flag used)
----------------------------------------
===============================
Unexpected shorts between node:
0_85V_PWR_01 to GND
===============================
----------------------------------------
Board #: 0 
Version:
S/N:PROD-001+SN-XXXX-000003
----------------------------------------
TestPlan-A-v4.1
Tue Mar 10 20:30:15 2026
----------------------------------------
u01%prog_2 HAS FAILED
vector      = 27020
Status:  15H
Pass/Fail error on following pins:
BRRCC  NODE            PIN
214153 IO_NODE_001 U01.5
----------------------------------------
Serial #: PROD-001+SN-XXXX-000003
&v1S Family: Test Product A
&v1S Serial #:PROD-001+SN-XXXX-000003
&v1S ############################
&v1S ##### BOARD ICT FAIL #####
&v1S ############################
&v1S Testplan-Released-01-01-2025
&v1S ST:260310202858
&v1S ET:260310203024
&v1S SN:PROD-001+SN-XXXX-000003
&v1S P/N:PART-REDACTED-001 Rev:13
&v3S Mac:020000000003
&v1S Mac_FruID:020000000003
&v1S u01 CRC Blank:Pass
&v3S OPERATOR ID:operator-06
&v1S PF:Agilent3070 Rev:8.30
&v3S Fixture_ID: fixture-03
&v1S TESTER:tester-04
&v1S ****************************

*
----------------------------------------
Shorts Report for "shorts".
Tue Mar 10 20:22:46 2026
TestPlan-A-v4.1
----------------------------------------
Open #1 Thresh 30, Delay 50us       Ohms
From: NET_JTAG_001        21541 Open
               r11.2
               r12.1
               r13.2
               r14.2
              u02.D11
To:   NET_JTAG_001_R      21430
               j01.2
               r14.1
Common Devices:
                r14
Message is:  None.
----------------------------------------
Open #2 Thresh 30, Delay 50us       Ohms
From: NET_SPI_001     20861 Open
               r15.2
              u02.M18
To:   NET_SPI_001_R  217149
               r15.1
               r16.2
               u01.2
Common Devices:
                r15
Message is:  None.
----------------------------------------
Open #3 Thresh 30, Delay 50us       Ohms
From: NET_JTAG_002       21136 Open
               r17.2
              u03.97
To:   NET_JTAG_002_R    210136
               r18.2
               r17.1
              u04.12
Common Devices:
                r17
Message is:  None.
----------------------------------------
Open #4 Thresh 30, Delay 50us       Ohms
From: NET_LED_001           21468 Open
                q01.1
             q01%nfet.G
           q01%nfet_pwr.G
               r19.2
               r20.1
To:   NET_LED_001_R        209161
               r19.1
              u02.U12
Common Devices:
                r19
Message is:  None.
----------------------------------------
Open #5 Thresh 30, Delay 50us       Ohms
From: NET_LED_002         21071 Open
                q02.1
             q02%nfet.G
           q02%nfet_pwr.G
               r21.1
               r22.2
To:   NET_LED_002_R      208133
               r22.1
              u03.45
Common Devices:
                r22
Message is:  None.
----------------------------------------
Open #6 Thresh 30, Delay 50us       Ohms
From: 0_85V_SENSE_01         21769 Open
                 c26.1
               r23.1
                 r24.1
                 r25.2
To:   0_85V_CFF_01          217173
                 c27.2
                 r25.1
Common Devices:
                  r25
Message is:  None.
----------------------------------------
Open #7 Thresh 30, Delay 50us       Ohms
From: 0_85V_AGND_01          21566 Open
               c30.2
                 c26.2
                 c28.2
               r29.2
                 r26.2
                 r27.2
                 r28.2
               u10.7
To:   0_85V_MODE_01         214173
                 r27.1
              u10.12
Common Devices:
                  r27
                u10
Message is:  None.
----------------------------------------
Open #8 Thresh 30, Delay 50us       Ohms
From: NET_UNNAMED_001   216109 Open
                fb01.1
                 r30.2
                 r31.2
To:   NET_CONN_RXD_R              21507
                j02.21
                 r30.1
                 r32.2
Common Devices:
                  r30
Message is:  None.
----------------------------------------
Open #9 Thresh 30, Delay 50us       Ohms
From: NET_CONN_RXD                21713 Open
                cr01.1
               cr01%c.1
              cr01%var.C
                fb01.2
                 j01.6
To:   NET_UNNAMED_001   216109
                fb01.1
                 r30.2
                 r31.2
Common Devices:
                 fb01
Message is:  None.
----------------------------------------
Open #10 Thresh 30, Delay 50us      Ohms
From:   v                     21609 Open
NET_UNNAMED_002               
                fb02.1
                 r33.2
                 r32.1
To:   NET_CONN_TXD_R             217107
                j02.19
                 r33.1
                 r31.1
Common Devices:
                  r33
Message is:  None.
----------------------------------------
Open #11 Thresh 30, Delay 50us      Ohms
From: NET_CONN_TXD               217114 Open
                cr02.1
               cr02%c.1
              cr02%var.C
                fb02.2
                 j01.3
To:     v                     21609
NET_UNNAMED_002               
                fb02.1
                 r33.2
                 r32.1
Common Devices:
                 fb02
Message is:  None.
----------------------------------------
Open #12 Thresh 30, Delay 50us      Ohms
From: 1_8V_PGOOD_01         214172 Open
                 r34.2
                 r35.1
To:   1_8V_PGOOD_01_Q        21567
                 r35.2
               u10.5
Common Devices:
                  r35
Message is:  None.
----------------------------------------
Open #13 Thresh 30, Delay 50us      Ohms
From: NET_MCU_PORZ_R        21466 Open
               q04.3
            q04%cr4-3.C
            q04%nfet2.D
       q04%nfet_dual_pwr.D2
               r36.2
               r37.1
To:   NET_MCU_PORZ          20952
               r38.1
               r37.2
              u02.B21
Common Devices:
                r37
Message is:  None.
----------------------------------------
Open #14 Thresh 30, Delay 50us      Ohms
From: 1_8V_PWR_01           21564 Open
               c05.1
               c06.1
               c07.1
               c08.1
               c09.1
               c10.1
               c11.1
               c12.1
               c13.1
                 c29.1
Too many to print.
To:   1_8V_PLL_02          21472
               c14.1
               c15.1
               c16.1
              fb07.2
              u02.J11
Common Devices:
               fb07
                u02
Message is:  None.
----------------------------------------
Open #15 Thresh 30, Delay 50us      Ohms
From: 1_8V_PWR_01           21564 Open
               c05.1
               c06.1
               c07.1
               c08.1
               c09.1
               c10.1
               c11.1
               c12.1
               c13.1
                 c29.1
Too many to print.
To:   1_8V_PLL_01         215171
               c17.1
               c18.1
               c19.1
              fb06.2
              u02.H9
Common Devices:
               fb06
                u02
Message is:  None.
----------------------------------------
Open #16 Thresh 30, Delay 50us      Ohms
From: 1_8V_PWR_01           21564 Open
               c05.1
               c06.1
               c07.1
               c08.1
               c09.1
               c10.1
               c11.1
               c12.1
               c13.1
                 c29.1
Too many to print.
To:   1_8V_PLL_00         214171
               c20.1
               c21.1
               c22.1
              fb05.2
              u02.N12
Common Devices:
               fb05
                u02
Message is:  None.
----------------------------------------
Open #17 Thresh 30, Delay 50us      Ohms
From: 1_8V_MCU_01           21471 Open
               c23.1
               c24.1
               c25.1
              fb04.2
              u02.K12
To:   1_8V_PWR_01           21564
               c05.1
               c06.1
               c07.1
               c08.1
               c09.1
               c10.1
               c11.1
               c12.1
               c13.1
                 c29.1
Too many to print.
Common Devices:
               fb04
                u02
Message is:  None.
----------------------------------------
Open #18 Thresh 30, Delay 50us      Ohms
From: 3_3V_AON_01                20711 Open
                 c57.1
                 c58.1
                 c59.1
                 c60.1
                 c61.1
                 c62.1
                 r39.1
                 r40.2
                 r41.1
                 r42.1
Too many to print.
To:   LDO_VOUT_01                21614
                 c63.1
                 c64.1
                 r43.1
                 r40.1
                 r44.1
                vr01.5
Common Devices:
                  r40
Message is:  None.
----------------------------------------
Open #19 Thresh 30, Delay 50us      Ohms
From: NET_UNNAMED_003 211111 Open
               c31.1
               r45.1
               r46.2
To:   NET_UART_TX_01     20911
               r46.1
               u08.5
Common Devices:
                r46
Message is:  None.
----------------------------------------
Open #20 Thresh 30, Delay 50us      Ohms
From: 3_3V_PGOOD_01        215114 Open
                 c32.1
                 r47.2
                 r48.1
                 r49.1
                u11.9
To:   3_3V_PGOOD_01_Q      214109
                 r48.2
                vr02.3
Common Devices:
                  r48
Message is:  None.
----------------------------------------
Open #21 Thresh 30, Delay 50us      Ohms
From: 3_3V_STBY_IN           216110 Open
                 f01.2
               fb08.1
To:   12V_STBY_01               214114
                 c33.1
                 c34.1
                 c35.1
                 c36.1
                 c37.1
                 f01.1
                j03.49
                j03.50
                 j05.1
                 r50.1
Too many to print.
Common Devices:
                  f01
Message is:  None.
----------------------------------------
Open #22 Thresh 30, Delay 50us      Ohms
From: VIN_SWX_01              214107 Open
                c38.1
                c39.1
                c40.1
               fb08.2
                u11.3
To:   3_3V_STBY_IN           216110
                 f01.2
               fb08.1
Common Devices:
                fb08
Message is:  None.
----------------------------------------
Open #23 Thresh 30, Delay 50us      Ohms
From: NET_EF_PGOOD               209171 Open
                r51.2
                r52.1
                 r53.1
To:   NET_RESET_L_R            21667
                r52.2
                u13.1
Common Devices:
                 r52
Message is:  None.
----------------------------------------
Open #24 Thresh 30, Delay 50us      Ohms
From: NET_EF_PGOOD               209171 Open
                r51.2
                r52.1
                 r53.1
To:   NET_FAULT_L_R            20771
                r51.1
                u12.4
Common Devices:
                 r51
Message is:  None.
----------------------------------------
Open #25 Thresh 30, Delay 50us      Ohms
From: NET_PWR_FLT_L    21057 Open
                 r54.2
                 r53.2
                 u14.2
To:   NET_EF_PGOOD               209171
                r51.2
                r52.1
                 r53.1
Common Devices:
                  r53
Message is:  None.
----------------------------------------
Open #26 Thresh 30, Delay 50us      Ohms
From:   v                    211169 Open
NET_ETH_LED2                 
               r55.2
               r56.2
               u06.1
               u06.2
To:     v                     20930
NET_ETH_LED2_R               
               r55.1
              u03.43
Common Devices:
                r55
Message is:  None.
----------------------------------------
Open #27 Thresh 30, Delay 50us      Ohms
From:   v                     21170 Open
NET_ETH_LED0                 
               r57.2
               r58.2
               u07.1
               u07.2
To:     v                    209153
NET_ETH_LED0_R               
               r57.1
              u03.42
Common Devices:
                r57
Message is:  None.
----------------------------------------
Open #28 Thresh 30, Delay 50us      Ohms
From: NET_I2C_SCL_01  21162 Open
               r59.2
               r60.1
              u05.19
To:     v                     20822
NET_I2C_SCL_01_R                
               r60.2
              u03.91
Common Devices:
                r60
Message is:  None.
----------------------------------------
Open #29 Thresh 30, Delay 50us      Ohms
From: 3_3V_STBY_IO          21415 Open
                c41.1
                c42.1
               c43.1
               c44.1
               c45.1
               c46.1
               c47.1
               c48.1
               c49.1
               c50.1
Too many to print.
To:   NET_UNNAMED_004    21771
                 c66.1
                 c67.1
                fb03.2
                j04.A1
                j04.A6
Common Devices:
                 fb03
Message is:  None.
----------------------------------------
Open #30 Thresh 30, Delay 50us      Ohms
From: 3_3V_STBY_IO          21415 Open
                c41.1
                c42.1
               c43.1
               c44.1
               c45.1
               c46.1
               c47.1
               c48.1
               c49.1
               c50.1
Too many to print.
To:   NET_IOUC_VDD            215110
               c51.1
               c52.1
              fb09.2
               u03.8
               u03.9
Common Devices:
               fb09
                u03
Message is:  None.
----------------------------------------
Open #31 Thresh 30, Delay 50us      Ohms
From: 0_85V_PGOOD_01        215164 Open
                 c53.1
                 r107.2
                 r106.1
               u10.9
To:   0_85V_PGOOD_01_Q       20928
                 q03.1
              q03%nfet.G
            q03%nfet_pwr.G
                 r106.2
               u09.3
Common Devices:
                  r106
Message is:  None.
----------------------------------------
Open #32 Thresh 30, Delay 50us      Ohms
From: 3_3V_AGND_01          21512 Open
                c54.2
                 c55.2
                 c56.2
                r110.2
                 r03.2
                 r108.2
                 r109.2
                u11.7
To:   3_3V_MODE_01          21408
                 r108.1
               u11.12
Common Devices:
                  r108
                 u11
Message is:  None.
----------------------------------------
Open #33 Thresh 30, Delay 50us      Ohms
From: NET_HDMI_KILL          20934 Open
               r61.2
                 r62.2
              u02.W6
To:     v                    207112
NET_UNNAMED_005               
                 r62.1
                 u15.4
Common Devices:
                  r62
Message is:  None.
----------------------------------------
Open #34 Thresh 30, Delay 50us      Ohms
From: PWR_GOOD_12V_L          21028 Open
               r63.2
                 r64.2
              u02.AA5
To:     v                     21011
UNNAMED_7_LVC2G06_I147_Y1               
                 r64.1
                 u15.6
Common Devices:
                  r64
Message is:  None.
----------------------------------------
Open #35 Thresh 30, Delay 50us      Ohms
From:   v                     21113 Open
RTM_SVCIO_P2P_DISC_EN_L_C               
               r65.1
               r66.2
               u17.1
To:     v                     21161
RTM_SVCIO_P2P_DISC_EN_L_R_1             
               r65.2
              u02.Y5
Common Devices:
                r65
Message is:  None.
----------------------------------------
Open #36 Thresh 30, Delay 50us      Ohms
From:   v                    211113 Open
RTM_SVCIO_EXP_I2C_EN_L_C                
               r67.1
               r68.2
               u18.1
               u18.7
To:     v                    211161
RTM_SVCIO_EXP_I2C_EN_L_R_1              
               r67.2
              u02.V6
Common Devices:
                r67
Message is:  None.
----------------------------------------
Open #37 Thresh 30, Delay 50us      Ohms
From: SVCIO_RTM_SPI_CLK_C    209127 Open
               r69.1
               r70.2
              tp01.1
               u19.7
To:   SVCIO_RTM_SPI_CLK_R_1  210156
               r69.2
              u02.U4
Common Devices:
                r69
Message is:  None.
----------------------------------------
Open #38 Thresh 30, Delay 50us      Ohms
From: SVCIO_RTM_SPI_FSS_C    210127 Open
               r71.1
               r72.2
              tp02.1
              u19.14
To:   SVCIO_RTM_SPI_FSS_R_1   21156
               r71.2
              u02.U1
Common Devices:
                r71
Message is:  None.
----------------------------------------
Open #39 Thresh 30, Delay 50us      Ohms
From: RTM_JTAG_TDO_C         215131 Open
               j01.7
               r73.2
               r74.2
               u20.11
To:   RTM_JTAG_TDO_R_1       215142
               r73.1
              u02.A12
Common Devices:
                r73
Message is:  None.
----------------------------------------
Open #40 Thresh 30, Delay 50us      Ohms
From: RTM_JTAG_TDI_C         214150 Open
               r76.2
                r77.2
               r78.1
              u02.C11
To:   RTM_JTAG_TDI_R_1       215132
               j01.3
               r78.2
Common Devices:
                r78
Message is:  None.
----------------------------------------
Open #41 Thresh 30, Delay 50us      Ohms
From: RTM_JTAG_TMS_C         215141 Open
               r79.2
                r80.2
               r81.1
              u02.C12
To:   RTM_JTAG_TMS_R_1        21429
               j01.1
               r81.2
Common Devices:
                r81
Message is:  None.
----------------------------------------
Open #42 Thresh 30, Delay 50us      Ohms
From: RTM_JTAG_TCK_C          21544 Open
               r82.2
                r75.2
               r83.1
              u02.B11
To:   RTM_JTAG_TCK_R_1        21530
               j01.9
              j01.11
               r83.2
Common Devices:
                r83
Message is:  None.
----------------------------------------
Open #43 Thresh 30, Delay 50us      Ohms
From: RTM_IO_I2C_SDA          21510 Open
                 j06.3
                j03.42
               r84.2
               r85.2
To:   RTM_IO_I2C_SDA_R_1      21124
               r84.1
              u02.B18
Common Devices:
                r84
Message is:  None.
----------------------------------------
Open #44 Thresh 30, Delay 50us      Ohms
From: RTM_IO_I2C_SCL         217111 Open
                 j06.1
                j03.40
               r86.2
               r87.2
To:   RTM_IO_I2C_SCL_R_1     209124
               r86.1
              u02.A18
Common Devices:
                r86
Message is:  None.
----------------------------------------
Open #45 Thresh 30, Delay 50us      Ohms
From: RTM_FPGA_I2C_SDA        21711 Open
                 j07.3
                j03.38
               r88.1
               r89.2
To:   RTM_FPGA_I2C_SDA_R_1   210161
               r88.2
              u02.R21
Common Devices:
                r88
Message is:  None.
----------------------------------------
Open #46 Thresh 30, Delay 50us      Ohms
From: RTM_FPGA_I2C_SCL       216111 Open
                 j07.1
                j03.36
               r90.1
               r91.2
To:   RTM_FPGA_I2C_SCL_R_1    20961
               r90.2
              u02.P19
Common Devices:
                r90
Message is:  None.
----------------------------------------
Open #47 Thresh 30, Delay 50us      Ohms
From: RTM_JTAG_EMU1_1         21641 Open
               r92.2
               r93.1
               r94.2
              u02.E10
To:   RTM_JTAG_EMU1_R_1      215130
              j01.14
               r94.1
Common Devices:
                r94
Message is:  None.
----------------------------------------
Open #48 Thresh 30, Delay 50us      Ohms
From: RTM_JTAG_EMU0_1        215134 Open
               r95.2
               r96.1
               r97.1
              u02.D10
To:   RTM_JTAG_EMU0_R_1       21529
              j01.13
               r97.2
Common Devices:
                r97
Message is:  None.
----------------------------------------
Open #49 Thresh 30, Delay 50us      Ohms
From: SVCIO_RTM_I2C_SDA_C     21026 Open
               r98.2
               r99.2
               u19.4
To:   SVCIO_RTM_I2C_SDA_R_1  211127
               r99.1
              u02.A10
Common Devices:
                r99
Message is:  None.
----------------------------------------
Open #50 Thresh 30, Delay 50us      Ohms
From: SVCIO_RTM_I2C_SCL_C    210126 Open
               r100.2
               r101.2
               u19.3
To:   SVCIO_RTM_I2C_SCL_R_1  211126
               r101.1
              u02.E9
Common Devices:
                r101
Message is:  None.
----------------------------------------
Open #51 Thresh 30, Delay 50us      Ohms
From: RTM_ATECC_I2C_SCL_1    210158 Open
               r102.2
               r103.2
               u16.6
To:   RTM_ATECC_I2C_SCL_R_1  208124
               r103.1
              u02.C18
Common Devices:
                r103
Message is:  None.
----------------------------------------
Open #52 Thresh 30, Delay 50us      Ohms
From: RTM_ATECC_I2C_SDA_1    216155 Open
               r104.2
               r105.2
               u16.5
To:   RTM_ATECC_I2C_SDA_R_1   20824
               r105.1
              u02.B19
Common Devices:
                r105
Message is:  None.
----------------------------------------
Open #53 Thresh 30, Delay 50us      Ohms
From: 3_3V_STBY_ROT          215116 Open
                c71.1
                c72.1
                c73.1
               c74.1
                c75.1
                c76.1
                c77.1
                c78.1
               c79.1
               c80.1
Too many to print.
To:   0V85_STBY_VCC          214163
               c65.1
                 r107.1
                 r05.2
              u10.13
Common Devices:
                  r05
Message is:  None.
----------------------------------------
Open #54 Thresh 30, Delay 50us      Ohms
From: 3_3V_STBY_ROT          215116 Open
                c71.1
                c72.1
                c73.1
               c74.1
                c75.1
                c76.1
                c77.1
                c78.1
               c79.1
               c80.1
Too many to print.
To:   3P3V_STBY_SENSE        214110
                 c68.1
                 c56.1
                r111.1
                 r112.1
Common Devices:
                  r112
Message is:  None.
----------------------------------------
Open #55 Thresh 30, Delay 50us      Ohms
From: 3_3V_STBY_ROT          215116 Open
                c71.1
                c72.1
                c73.1
               c74.1
                c75.1
                c76.1
                c77.1
                c78.1
               c79.1
               c80.1
Too many to print.
To:   3P3V_FRU               214113
                 c69.1
                 c70.1
                 r114.1
                 r115.1
                 r116.1
                 r117.1
                 r118.1
                 r119.1
                 r120.1
                 r121.1
Too many to print.
Common Devices:
                  r118
Message is:  None.
----------------------------------------
Open #56 Thresh 30, Delay 50us      Ohms
From: 3_3V_STBY_ROT          215116 Open
                c71.1
                c72.1
                c73.1
               c74.1
                c75.1
                c76.1
                c77.1
                c78.1
               c79.1
               c80.1
Too many to print.
To:   0V85_STBY_VIN           21767
                 f02.2
              fb10.1
Common Devices:
                  f02
Message is:  None.
------End, 56 Problems Reported---------
Board #: 0 
Version:
S/N:PROD-001+SN-XXXX-000003
----------------------------------------
Shorts Report for "shorts".
Tue Mar 10 20:22:46 2026
TestPlan-A-v4.1
----------------------------------------
Open #1 Thresh 30, Delay 50us       Ohms
From: NET_JTAG_001        21541 Open
               r11.2
               r12.1
               r13.2
               r14.2
              u02.D11
To:   NET_JTAG_001_R      21430
               j01.2
               r14.1
Common Devices:
                r14
Message is:  None.
----------------------------------------
Open #2 Thresh 30, Delay 50us       Ohms
From: NET_SPI_001     20861 Open
               r15.2
              u02.M18
To:   NET_SPI_001_R  217149
               r15.1
               r16.2
               u01.2
Common Devices:
                r15
Message is:  None.
----------------------------------------
Open #3 Thresh 30, Delay 50us       Ohms
From: NET_JTAG_002       21136 Open
               r17.2
              u03.97
To:   NET_JTAG_002_R    210136
               r18.2
               r17.1
              u04.12
Common Devices:
                r17
Message is:  None.
----------------------------------------
Open #4 Thresh 30, Delay 50us       Ohms
From: NET_LED_001           21468 Open
                q01.1
             q01%nfet.G
           q01%nfet_pwr.G
               r19.2
               r20.1
To:   NET_LED_001_R        209161
               r19.1
              u02.U12
Common Devices:
                r19
Message is:  None.
----------------------------------------
Open #5 Thresh 30, Delay 50us       Ohms
From: NET_LED_002         21071 Open
                q02.1
             q02%nfet.G
           q02%nfet_pwr.G
               r21.1
               r22.2
To:   NET_LED_002_R      208133
               r22.1
              u03.45
Common Devices:
                r22
Message is:  None.
----------------------------------------
Open #6 Thresh 30, Delay 50us       Ohms
From: 0_85V_SENSE_01         21769 Open
                 c26.1
               r23.1
                 r24.1
                 r25.2
To:   0_85V_CFF_01          217173
                 c27.2
                 r25.1
Common Devices:
                  r25
Message is:  None.
----------------------------------------
Open #7 Thresh 30, Delay 50us       Ohms
From: 0_85V_AGND_01          21566 Open
               c30.2
                 c26.2
                 c28.2
               r29.2
                 r26.2
                 r27.2
                 r28.2
               u10.7
To:   0_85V_MODE_01         214173
                 r27.1
              u10.12
Common Devices:
                  r27
                u10
Message is:  None.
----------------------------------------
Open #8 Thresh 30, Delay 50us       Ohms
From: NET_UNNAMED_001   216109 Open
                fb01.1
                 r30.2
                 r31.2
To:   NET_CONN_RXD_R              21507
                j02.21
                 r30.1
                 r32.2
Common Devices:
                  r30
Message is:  None.
----------------------------------------
Open #9 Thresh 30, Delay 50us       Ohms
From: NET_CONN_RXD                21713 Open
                cr01.1
               cr01%c.1
              cr01%var.C
                fb01.2
                 j01.6
To:   NET_UNNAMED_001   216109
                fb01.1
                 r30.2
                 r31.2
Common Devices:
                 fb01
Message is:  None.
----------------------------------------
Open #10 Thresh 30, Delay 50us      Ohms
From:   v                     21609 Open
NET_UNNAMED_002               
                fb02.1
                 r33.2
                 r32.1
To:   NET_CONN_TXD_R             217107
                j02.19
                 r33.1
                 r31.1
Common Devices:
                  r33
Message is:  None.
----------------------------------------
Open #11 Thresh 30, Delay 50us      Ohms
From: NET_CONN_TXD               217114 Open
                cr02.1
               cr02%c.1
              cr02%var.C
                fb02.2
                 j01.3
To:     v                     21609
NET_UNNAMED_002               
                fb02.1
                 r33.2
                 r32.1
Common Devices:
                 fb02
Message is:  None.
----------------------------------------
Open #12 Thresh 30, Delay 50us      Ohms
From: 1_8V_PGOOD_01         214172 Open
                 r34.2
                 r35.1
To:   1_8V_PGOOD_01_Q        21567
                 r35.2
               u10.5
Common Devices:
                  r35
Message is:  None.
----------------------------------------
Open #13 Thresh 30, Delay 50us      Ohms
From: NET_MCU_PORZ_R        21466 Open
               q04.3
            q04%cr4-3.C
            q04%nfet2.D
       q04%nfet_dual_pwr.D2
               r36.2
               r37.1
To:   NET_MCU_PORZ          20952
               r38.1
               r37.2
              u02.B21
Common Devices:
                r37
Message is:  None.
----------------------------------------
Open #14 Thresh 30, Delay 50us      Ohms
From: 1_8V_PWR_01           21564 Open
               c05.1
               c06.1
               c07.1
               c08.1
               c09.1
               c10.1
               c11.1
               c12.1
               c13.1
                 c29.1
Too many to print.
To:   1_8V_PLL_02          21472
               c14.1
               c15.1
               c16.1
              fb07.2
              u02.J11
Common Devices:
               fb07
                u02
Message is:  None.
----------------------------------------
Open #15 Thresh 30, Delay 50us      Ohms
From: 1_8V_PWR_01           21564 Open
               c05.1
               c06.1
               c07.1
               c08.1
               c09.1
               c10.1
               c11.1
               c12.1
               c13.1
                 c29.1
Too many to print.
To:   1_8V_PLL_01         215171
               c17.1
               c18.1
               c19.1
              fb06.2
              u02.H9
Common Devices:
               fb06
                u02
Message is:  None.
----------------------------------------
Open #16 Thresh 30, Delay 50us      Ohms
From: 1_8V_PWR_01           21564 Open
               c05.1
               c06.1
               c07.1
               c08.1
               c09.1
               c10.1
               c11.1
               c12.1
               c13.1
                 c29.1
Too many to print.
To:   1_8V_PLL_00         214171
               c20.1
               c21.1
               c22.1
              fb05.2
              u02.N12
Common Devices:
               fb05
                u02
Message is:  None.
----------------------------------------
Open #17 Thresh 30, Delay 50us      Ohms
From: 1_8V_MCU_01           21471 Open
               c23.1
               c24.1
               c25.1
              fb04.2
              u02.K12
To:   1_8V_PWR_01           21564
               c05.1
               c06.1
               c07.1
               c08.1
               c09.1
               c10.1
               c11.1
               c12.1
               c13.1
                 c29.1
Too many to print.
Common Devices:
               fb04
                u02
Message is:  None.
----------------------------------------
Open #18 Thresh 30, Delay 50us      Ohms
From: 3_3V_AON_01                20711 Open
                 c57.1
                 c58.1
                 c59.1
                 c60.1
                 c61.1
                 c62.1
                 r39.1
                 r40.2
                 r41.1
                 r42.1
Too many to print.
To:   LDO_VOUT_01                21614
                 c63.1
                 c64.1
                 r43.1
                 r40.1
                 r44.1
                vr01.5
Common Devices:
                  r40
Message is:  None.
----------------------------------------
Open #19 Thresh 30, Delay 50us      Ohms
From: NET_UNNAMED_003 211111 Open
               c31.1
               r45.1
               r46.2
To:   NET_UART_TX_01     20911
               r46.1
               u08.5
Common Devices:
                r46
Message is:  None.
----------------------------------------
Open #20 Thresh 30, Delay 50us      Ohms
From: 3_3V_PGOOD_01        215114 Open
                 c32.1
                 r47.2
                 r48.1
                 r49.1
                u11.9
To:   3_3V_PGOOD_01_Q      214109
                 r48.2
                vr02.3
Common Devices:
                  r48
Message is:  None.
----------------------------------------
Open #21 Thresh 30, Delay 50us      Ohms
From: 3_3V_STBY_IN           216110 Open
                 f01.2
               fb08.1
To:   12V_STBY_01               214114
                 c33.1
                 c34.1
                 c35.1
                 c36.1
                 c37.1
                 f01.1
                j03.49
                j03.50
                 j05.1
                 r50.1
Too many to print.
Common Devices:
                  f01
Message is:  None.
----------------------------------------
Open #22 Thresh 30, Delay 50us      Ohms
From: VIN_SWX_01              214107 Open
                c38.1
                c39.1
                c40.1
               fb08.2
                u11.3
To:   3_3V_STBY_IN           216110
                 f01.2
               fb08.1
Common Devices:
                fb08
Message is:  None.
----------------------------------------
Open #23 Thresh 30, Delay 50us      Ohms
From: NET_EF_PGOOD               209171 Open
                r51.2
                r52.1
                 r53.1
To:   NET_RESET_L_R            21667
                r52.2
                u13.1
Common Devices:
                 r52
Message is:  None.
----------------------------------------
Open #24 Thresh 30, Delay 50us      Ohms
From: NET_EF_PGOOD               209171 Open
                r51.2
                r52.1
                 r53.1
To:   NET_FAULT_L_R            20771
                r51.1
                u12.4
Common Devices:
                 r51
Message is:  None.
----------------------------------------
Open #25 Thresh 30, Delay 50us      Ohms
From: NET_PWR_FLT_L    21057 Open
                 r54.2
                 r53.2
                 u14.2
To:   NET_EF_PGOOD               209171
                r51.2
                r52.1
                 r53.1
Common Devices:
                  r53
Message is:  None.
----------------------------------------
Open #26 Thresh 30, Delay 50us      Ohms
From:   v                    211169 Open
NET_ETH_LED2                 
               r55.2
               r56.2
               u06.1
               u06.2
To:     v                     20930
NET_ETH_LED2_R               
               r55.1
              u03.43
Common Devices:
                r55
Message is:  None.
----------------------------------------
Open #27 Thresh 30, Delay 50us      Ohms
From:   v                     21170 Open
NET_ETH_LED0                 
               r57.2
               r58.2
               u07.1
               u07.2
To:     v                    209153
NET_ETH_LED0_R               
               r57.1
              u03.42
Common Devices:
                r57
Message is:  None.
----------------------------------------
Open #28 Thresh 30, Delay 50us      Ohms
From: NET_I2C_SCL_01  21162 Open
               r59.2
               r60.1
              u05.19
To:     v                     20822
NET_I2C_SCL_01_R                
               r60.2
              u03.91
Common Devices:
                r60
Message is:  None.
----------------------------------------
Open #29 Thresh 30, Delay 50us      Ohms
From: 3_3V_STBY_IO          21415 Open
                c41.1
                c42.1
               c43.1
               c44.1
               c45.1
               c46.1
               c47.1
               c48.1
               c49.1
               c50.1
Too many to print.
To:   NET_UNNAMED_004    21771
                 c66.1
                 c67.1
                fb03.2
                j04.A1
                j04.A6
Common Devices:
                 fb03
Message is:  None.
----------------------------------------
Open #30 Thresh 30, Delay 50us      Ohms
From: 3_3V_STBY_IO          21415 Open
                c41.1
                c42.1
               c43.1
               c44.1
               c45.1
               c46.1
               c47.1
               c48.1
               c49.1
               c50.1
Too many to print.
To:   NET_IOUC_VDD            215110
               c51.1
               c52.1
              fb09.2
               u03.8
               u03.9
Common Devices:
               fb09
                u03
Message is:  None.
----------------------------------------
Open #31 Thresh 30, Delay 50us      Ohms
From: 0_85V_PGOOD_01        215164 Open
                 c53.1
                 r107.2
                 r106.1
               u10.9
To:   0_85V_PGOOD_01_Q       20928
                 q03.1
              q03%nfet.G
            q03%nfet_pwr.G
                 r106.2
               u09.3
Common Devices:
                  r106
Message is:  None.
----------------------------------------
Open #32 Thresh 30, Delay 50us      Ohms
From: 3_3V_AGND_01          21512 Open
                c54.2
                 c55.2
                 c56.2
                r110.2
                 r03.2
                 r108.2
                 r109.2
                u11.7
To:   3_3V_MODE_01          21408
                 r108.1
               u11.12
Common Devices:
                  r108
                 u11
Message is:  None.
----------------------------------------
Open #33 Thresh 30, Delay 50us      Ohms
From: NET_HDMI_KILL          20934 Open
               r61.2
                 r62.2
              u02.W6
To:     v                    207112
NET_UNNAMED_005               
                 r62.1
                 u15.4
Common Devices:
                  r62
Message is:  None.
----------------------------------------
Open #34 Thresh 30, Delay 50us      Ohms
From: PWR_GOOD_12V_L          21028 Open
               r63.2
                 r64.2
              u02.AA5
To:     v                     21011
UNNAMED_7_LVC2G06_I147_Y1               
                 r64.1
                 u15.6
Common Devices:
                  r64
Message is:  None.
----------------------------------------
Open #35 Thresh 30, Delay 50us      Ohms
From:   v                     21113 Open
RTM_SVCIO_P2P_DISC_EN_L_C               
               r65.1
               r66.2
               u17.1
To:     v                     21161
RTM_SVCIO_P2P_DISC_EN_L_R_1             
               r65.2
              u02.Y5
Common Devices:
                r65
Message is:  None.
----------------------------------------
Open #36 Thresh 30, Delay 50us      Ohms
From:   v                    211113 Open
RTM_SVCIO_EXP_I2C_EN_L_C                
               r67.1
               r68.2
               u18.1
               u18.7
To:     v                    211161
RTM_SVCIO_EXP_I2C_EN_L_R_1              
               r67.2
              u02.V6
Common Devices:
                r67
Message is:  None.
----------------------------------------
Open #37 Thresh 30, Delay 50us      Ohms
From: SVCIO_RTM_SPI_CLK_C    209127 Open
               r69.1
               r70.2
              tp01.1
               u19.7
To:   SVCIO_RTM_SPI_CLK_R_1  210156
               r69.2
              u02.U4
Common Devices:
                r69
Message is:  None.
----------------------------------------
Open #38 Thresh 30, Delay 50us      Ohms
From: SVCIO_RTM_SPI_FSS_C    210127 Open
               r71.1
               r72.2
              tp02.1
              u19.14
To:   SVCIO_RTM_SPI_FSS_R_1   21156
               r71.2
              u02.U1
Common Devices:
                r71
Message is:  None.
----------------------------------------
Open #39 Thresh 30, Delay 50us      Ohms
From: RTM_JTAG_TDO_C         215131 Open
               j01.7
               r73.2
               r74.2
               u20.11
To:   RTM_JTAG_TDO_R_1       215142
               r73.1
              u02.A12
Common Devices:
                r73
Message is:  None.
----------------------------------------
Open #40 Thresh 30, Delay 50us      Ohms
From: RTM_JTAG_TDI_C         214150 Open
               r76.2
                r77.2
               r78.1
              u02.C11
To:   RTM_JTAG_TDI_R_1       215132
               j01.3
               r78.2
Common Devices:
                r78
Message is:  None.
----------------------------------------
Open #41 Thresh 30, Delay 50us      Ohms
From: RTM_JTAG_TMS_C         215141 Open
               r79.2
                r80.2
               r81.1
              u02.C12
To:   RTM_JTAG_TMS_R_1        21429
               j01.1
               r81.2
Common Devices:
                r81
Message is:  None.
----------------------------------------
Open #42 Thresh 30, Delay 50us      Ohms
From: RTM_JTAG_TCK_C          21544 Open
               r82.2
                r75.2
               r83.1
              u02.B11
To:   RTM_JTAG_TCK_R_1        21530
               j01.9
              j01.11
               r83.2
Common Devices:
                r83
Message is:  None.
----------------------------------------
Open #43 Thresh 30, Delay 50us      Ohms
From: RTM_IO_I2C_SDA          21510 Open
                 j06.3
                j03.42
               r84.2
               r85.2
To:   RTM_IO_I2C_SDA_R_1      21124
               r84.1
              u02.B18
Common Devices:
                r84
Message is:  None.
----------------------------------------
Open #44 Thresh 30, Delay 50us      Ohms
From: RTM_IO_I2C_SCL         217111 Open
                 j06.1
                j03.40
               r86.2
               r87.2
To:   RTM_IO_I2C_SCL_R_1     209124
               r86.1
              u02.A18
Common Devices:
                r86
Message is:  None.
----------------------------------------
Open #45 Thresh 30, Delay 50us      Ohms
From: RTM_FPGA_I2C_SDA        21711 Open
                 j07.3
                j03.38
               r88.1
               r89.2
To:   RTM_FPGA_I2C_SDA_R_1   210161
               r88.2
              u02.R21
Common Devices:
                r88
Message is:  None.
----------------------------------------
Open #46 Thresh 30, Delay 50us      Ohms
From: RTM_FPGA_I2C_SCL       216111 Open
                 j07.1
                j03.36
               r90.1
               r91.2
To:   RTM_FPGA_I2C_SCL_R_1    20961
               r90.2
              u02.P19
Common Devices:
                r90
Message is:  None.
----------------------------------------
Open #47 Thresh 30, Delay 50us      Ohms
From: RTM_JTAG_EMU1_1         21641 Open
               r92.2
               r93.1
               r94.2
              u02.E10
To:   RTM_JTAG_EMU1_R_1      215130
              j01.14
               r94.1
Common Devices:
                r94
Message is:  None.
----------------------------------------
Open #48 Thresh 30, Delay 50us      Ohms
From: RTM_JTAG_EMU0_1        215134 Open
               r95.2
               r96.1
               r97.1
              u02.D10
To:   RTM_JTAG_EMU0_R_1       21529
              j01.13
               r97.2
Common Devices:
                r97
Message is:  None.
----------------------------------------
Open #49 Thresh 30, Delay 50us      Ohms
From: SVCIO_RTM_I2C_SDA_C     21026 Open
               r98.2
               r99.2
               u19.4
To:   SVCIO_RTM_I2C_SDA_R_1  211127
               r99.1
              u02.A10
Common Devices:
                r99
Message is:  None.
----------------------------------------
Open #50 Thresh 30, Delay 50us      Ohms
From: SVCIO_RTM_I2C_SCL_C    210126 Open
               r100.2
               r101.2
               u19.3
To:   SVCIO_RTM_I2C_SCL_R_1  211126
               r101.1
              u02.E9
Common Devices:
                r101
Message is:  None.
----------------------------------------
Open #51 Thresh 30, Delay 50us      Ohms
From: RTM_ATECC_I2C_SCL_1    210158 Open
               r102.2
               r103.2
               u16.6
To:   RTM_ATECC_I2C_SCL_R_1  208124
               r103.1
              u02.C18
Common Devices:
                r103
Message is:  None.
----------------------------------------
Open #52 Thresh 30, Delay 50us      Ohms
From: RTM_ATECC_I2C_SDA_1    216155 Open
               r104.2
               r105.2
               u16.5
To:   RTM_ATECC_I2C_SDA_R_1   20824
               r105.1
              u02.B19
Common Devices:
                r105
Message is:  None.
----------------------------------------
Open #53 Thresh 30, Delay 50us      Ohms
From: 3_3V_STBY_ROT          215116 Open
                c71.1
                c72.1
                c73.1
               c74.1
                c75.1
                c76.1
                c77.1
                c78.1
               c79.1
               c80.1
Too many to print.
To:   0V85_STBY_VCC          214163
               c65.1
                 r107.1
                 r05.2
              u10.13
Common Devices:
                  r05
Message is:  None.
----------------------------------------
Open #54 Thresh 30, Delay 50us      Ohms
From: 3_3V_STBY_ROT          215116 Open
                c71.1
                c72.1
                c73.1
               c74.1
                c75.1
                c76.1
                c77.1
                c78.1
               c79.1
               c80.1
Too many to print.
To:   3P3V_STBY_SENSE        214110
                 c68.1
                 c56.1
                r111.1
                 r112.1
Common Devices:
                  r112
Message is:  None.
----------------------------------------
Open #55 Thresh 30, Delay 50us      Ohms
From: 3_3V_STBY_ROT          215116 Open
                c71.1
                c72.1
                c73.1
               c74.1
                c75.1
                c76.1
                c77.1
                c78.1
               c79.1
               c80.1
Too many to print.
To:   3P3V_FRU               214113
                 c69.1
                 c70.1
                 r114.1
                 r115.1
                 r116.1
                 r117.1
                 r118.1
                 r119.1
                 r120.1
                 r121.1
Too many to print.
Common Devices:
                  r118
Message is:  None.
----------------------------------------
Open #56 Thresh 30, Delay 50us      Ohms
From: 3_3V_STBY_ROT          215116 Open
                c71.1
                c72.1
                c73.1
               c74.1
                c75.1
                c76.1
                c77.1
                c78.1
               c79.1
               c80.1
Too many to print.
To:   0V85_STBY_VIN           21767
                 f02.2
              fb10.1
Common Devices:
                  f02
Message is:  None.
------End, 56 Problems Reported---------
Board #: 0 
Version:
S/N:PROD-001+SN-XXXX-000003
----------------------------------------
TestPlan-A-v4.1
Tue Mar 10 20:22:51 2026
----------------------------------------
c01 HAS FAILED
C01=1UF Part# PART-REDACTED-002
Measured:   0.79359u
Nominal:    1.0000u
High Limit: 1.2000u
Low Limit:  0.80000u
Capacitance in FARADS
----------------------------------------
r03 HAS FAILED
R03=10 Part# PART-REDACTED-004
Measured:   11.000
Nominal:    10.000
High Limit: 10.646
Low Limit:  9.5240
Resistance in OHMS
----------------------------------------
r06 HAS FAILED
R06=33.2 Part# PART-REDACTED-011
Measured:   38.885
Nominal:    33.200
High Limit: 34.518
Low Limit:  32.051
Resistance in OHMS
----------------------------------------
Board #: 0 
Version:
S/N:PROD-001+SN-XXXX-000003
----------------------------------------
TestPlan-A-v4.1
Tue Mar 10 20:22:51 2026
----------------------------------------
c01 HAS FAILED
C01=1UF Part# PART-REDACTED-002
Measured:   0.79359u
Nominal:    1.0000u
High Limit: 1.2000u
Low Limit:  0.80000u
Capacitance in FARADS
----------------------------------------
r03 HAS FAILED
R03=10 Part# PART-REDACTED-004
Measured:   11.000
Nominal:    10.000
High Limit: 10.646
Low Limit:  9.5240
Resistance in OHMS
----------------------------------------
r06 HAS FAILED
R06=33.2 Part# PART-REDACTED-011
Measured:   38.885
Nominal:    33.200
High Limit: 34.518
Low Limit:  32.051
Resistance in OHMS
----------------------------------------
Board #: 0 
Version:
S/N:PROD-001+SN-XXXX-000003
&v2S Family: Test Product A
&v2S Serial #:PROD-001+SN-XXXX-000003
&v2S ############################
&v2S #### BOARD ICT PASS  #####
&v2S ############################
&v1S Testplan-Released-01-01-2025
&v2S ST:260310202016
&v2S ET:260310202346
&v2S SN:PROD-001+SN-XXXX-000003
&v2S P/N:PART-REDACTED-001 Rev:13
&v3S Mac:020000000003
&v2S Mac_FruID:020000000003
&v2S u01 CRC Blank:Pass
&v2S OPERATOR ID:operator-06
&v2S PF:Agilent3070 Rev:8.30
&v3S Fixture_ID: fixture-03
&v2S TESTER:tester-04
&v2S ***************************

*
